[2017-09-24 13:07:45] Текст ошибки: Страница не найдена | Файл: D:\WebServer\domains\fw.loc\vendor\fw\core\Router.php, | Строка: 107
==========================
[2017-09-24 13:07:45] Текст ошибки: Страница не найдена | Файл: D:\WebServer\domains\fw.loc\vendor\fw\core\Router.php, | Строка: 107
==========================
[2017-09-24 13:40:48] Текст ошибки: Undefined variable: _SESSION | Файл: D:\WebServer\domains\fw.loc\app\views\layouts\default.php, | Строка: 27
==========================
[2017-09-24 13:48:02] Текст ошибки: SQLSTATE[23000]: Integrity constraint violation: 1062 Duplicate entry 'user1' for key 'login' | Файл: D:\WebServer\domains\fw.loc\vendor\fw\libs\rb.php, | Строка: 720
==========================
[2017-09-24 14:06:12] Текст ошибки: Undefined property: fw\core\base\View::$prefix | Файл: D:\WebServer\domains\fw.loc\vendor\fw\core\base\View.php, | Строка: 44
==========================
[2017-09-24 14:57:12] Текст ошибки: Страница не найдена | Файл: D:\WebServer\domains\fw.loc\vendor\fw\core\Router.php, | Строка: 107
==========================
[2017-09-24 14:57:12] Текст ошибки: Страница не найдена | Файл: D:\WebServer\domains\fw.loc\vendor\fw\core\Router.php, | Строка: 107
==========================
[2018-03-24 12:14:37] Текст ошибки: Страница не найдена | Файл: D:\WebServer\domains\fw.loc\vendor\fw\core\Router.php, | Строка: 107
==========================
[2018-03-24 12:14:37] Текст ошибки: Страница не найдена | Файл: D:\WebServer\domains\fw.loc\vendor\fw\core\Router.php, | Строка: 107
==========================
[2018-03-24 13:11:30] Текст ошибки: Undefined variable: count | Файл: D:\WebServer\domains\fw.loc\app\views\Main\index.php, | Строка: 24
==========================
[2018-04-24 19:28:45] Текст ошибки: Страница не найдена | Файл: D:\WebServer\domains\fw.loc\vendor\fw\core\Router.php, | Строка: 107
==========================
[2018-04-24 19:28:46] Текст ошибки: Страница не найдена | Файл: D:\WebServer\domains\fw.loc\vendor\fw\core\Router.php, | Строка: 107
==========================
[2018-04-24 19:37:42] Текст ошибки: Страница не найдена | Файл: D:\WebServer\domains\fw.loc\vendor\fw\core\Router.php, | Строка: 107
==========================
[2018-04-24 19:37:42] Текст ошибки: Страница не найдена | Файл: D:\WebServer\domains\fw.loc\vendor\fw\core\Router.php, | Строка: 107
==========================
[2018-04-24 19:37:42] Текст ошибки: Страница не найдена | Файл: D:\WebServer\domains\fw.loc\vendor\fw\core\Router.php, | Строка: 107
==========================
[2018-04-24 19:37:42] Текст ошибки: Страница не найдена | Файл: D:\WebServer\domains\fw.loc\vendor\fw\core\Router.php, | Строка: 107
==========================
[2018-04-24 19:37:42] Текст ошибки: Страница не найдена | Файл: D:\WebServer\domains\fw.loc\vendor\fw\core\Router.php, | Строка: 107
==========================
[2018-04-24 19:37:42] Текст ошибки: Страница не найдена | Файл: D:\WebServer\domains\fw.loc\vendor\fw\core\Router.php, | Строка: 107
==========================
[2018-04-24 19:37:42] Текст ошибки: Страница не найдена | Файл: D:\WebServer\domains\fw.loc\vendor\fw\core\Router.php, | Строка: 107
==========================
[2018-04-24 19:37:42] Текст ошибки: Страница не найдена | Файл: D:\WebServer\domains\fw.loc\vendor\fw\core\Router.php, | Строка: 107
==========================
[2018-04-24 19:37:42] Текст ошибки: Страница не найдена | Файл: D:\WebServer\domains\fw.loc\vendor\fw\core\Router.php, | Строка: 107
==========================
[2018-04-24 19:37:42] Текст ошибки: Страница не найдена | Файл: D:\WebServer\domains\fw.loc\vendor\fw\core\Router.php, | Строка: 107
==========================
[2018-04-24 19:37:42] Текст ошибки: Страница не найдена | Файл: D:\WebServer\domains\fw.loc\vendor\fw\core\Router.php, | Строка: 107
==========================
[2018-04-24 19:37:42] Текст ошибки: Страница не найдена | Файл: D:\WebServer\domains\fw.loc\vendor\fw\core\Router.php, | Строка: 107
==========================
[2018-04-24 19:37:42] Текст ошибки: Страница не найдена | Файл: D:\WebServer\domains\fw.loc\vendor\fw\core\Router.php, | Строка: 107
==========================
[2018-04-24 19:37:42] Текст ошибки: Страница не найдена | Файл: D:\WebServer\domains\fw.loc\vendor\fw\core\Router.php, | Строка: 107
==========================
[2018-04-24 19:39:47] Текст ошибки: Страница не найдена | Файл: D:\WebServer\domains\fw.loc\vendor\fw\core\Router.php, | Строка: 107
==========================
[2018-04-24 19:40:29] Текст ошибки: Страница не найдена | Файл: D:\WebServer\domains\fw.loc\vendor\fw\core\Router.php, | Строка: 107
==========================
[2018-04-24 19:40:43] Текст ошибки: Страница не найдена | Файл: D:\WebServer\domains\fw.loc\vendor\fw\core\Router.php, | Строка: 107
==========================
[2018-04-24 19:41:50] Текст ошибки: Страница не найдена | Файл: D:\WebServer\domains\fw.loc\vendor\fw\core\Router.php, | Строка: 107
==========================
[2018-04-24 19:42:05] Текст ошибки: Страница не найдена | Файл: D:\WebServer\domains\fw.loc\vendor\fw\core\Router.php, | Строка: 107
==========================
[2018-04-24 19:54:53] Текст ошибки: Страница не найдена | Файл: D:\WebServer\domains\fw.loc\vendor\fw\core\Router.php, | Строка: 107
==========================
[2018-04-24 19:55:04] Текст ошибки: Страница не найдена | Файл: D:\WebServer\domains\fw.loc\vendor\fw\core\Router.php, | Строка: 107
==========================
[2018-04-24 19:55:07] Текст ошибки: Страница не найдена | Файл: D:\WebServer\domains\fw.loc\vendor\fw\core\Router.php, | Строка: 107
==========================
[2018-05-15 18:20:59] Текст ошибки: Страница не найдена | Файл: D:\WebServer\domains\fw.loc\vendor\fw\core\Router.php, | Строка: 107
==========================
[2018-05-15 18:20:59] Текст ошибки: Страница не найдена | Файл: D:\WebServer\domains\fw.loc\vendor\fw\core\Router.php, | Строка: 107
==========================
[2018-05-17 12:56:30] Текст ошибки: Страница не найдена | Файл: D:\WebServer\domains\fw.loc\vendor\fw\core\Router.php, | Строка: 107
==========================
[2018-05-17 12:56:30] Текст ошибки: Страница не найдена | Файл: D:\WebServer\domains\fw.loc\vendor\fw\core\Router.php, | Строка: 107
==========================
[2018-05-17 13:20:12] Текст ошибки: Class 'fw\core\language\Language' not found | Файл: D:\WebServer\domains\fw.loc\app\controllers\AppController.php, | Строка: 19
==========================
[2018-05-17 13:43:54] Текст ошибки: Страница не найдена | Файл: D:\WebServer\domains\fw.loc\vendor\fw\core\Router.php, | Строка: 107
==========================
[2018-05-17 13:43:56] Текст ошибки: Страница не найдена | Файл: D:\WebServer\domains\fw.loc\vendor\fw\core\Router.php, | Строка: 107
==========================
[2018-05-17 13:44:46] Текст ошибки: Страница не найдена | Файл: D:\WebServer\domains\fw.loc\vendor\fw\core\Router.php, | Строка: 107
==========================
[2018-05-17 13:47:56] Текст ошибки: Страница не найдена | Файл: D:\WebServer\domains\fw.loc\vendor\fw\core\Router.php, | Строка: 107
==========================
[2018-05-17 13:48:53] Текст ошибки: <p>Не найден вид <b>D:\WebServer\domains\fw.loc/app/views/Language/change.php</b></p> | Файл: D:\WebServer\domains\fw.loc\vendor\fw\core\base\View.php, | Строка: 73
==========================
[2018-05-17 13:52:12] Текст ошибки: Страница не найдена | Файл: D:\WebServer\domains\fw.loc\vendor\fw\core\Router.php, | Строка: 107
==========================
[2018-05-17 13:52:18] Текст ошибки: Страница не найдена | Файл: D:\WebServer\domains\fw.loc\vendor\fw\core\Router.php, | Строка: 107
==========================
[2018-05-17 13:52:21] Текст ошибки: Страница не найдена | Файл: D:\WebServer\domains\fw.loc\vendor\fw\core\Router.php, | Строка: 107
==========================
[2018-05-17 13:52:37] Текст ошибки: Страница не найдена | Файл: D:\WebServer\domains\fw.loc\vendor\fw\core\Router.php, | Строка: 107
==========================
[2018-05-17 13:52:39] Текст ошибки: Страница не найдена | Файл: D:\WebServer\domains\fw.loc\vendor\fw\core\Router.php, | Строка: 107
==========================
[2018-05-17 13:52:43] Текст ошибки: Страница не найдена | Файл: D:\WebServer\domains\fw.loc\vendor\fw\core\Router.php, | Строка: 107
==========================
[2018-05-17 13:52:46] Текст ошибки: Страница не найдена | Файл: D:\WebServer\domains\fw.loc\vendor\fw\core\Router.php, | Строка: 107
==========================
[2018-05-17 13:53:07] Текст ошибки: Страница не найдена | Файл: D:\WebServer\domains\fw.loc\vendor\fw\core\Router.php, | Строка: 107
==========================
[2018-05-17 13:53:20] Текст ошибки: Страница не найдена | Файл: D:\WebServer\domains\fw.loc\vendor\fw\core\Router.php, | Строка: 107
==========================
[2018-05-17 13:53:35] Текст ошибки: Страница не найдена | Файл: D:\WebServer\domains\fw.loc\vendor\fw\core\Router.php, | Строка: 107
==========================
[2018-05-17 13:53:37] Текст ошибки: Страница не найдена | Файл: D:\WebServer\domains\fw.loc\vendor\fw\core\Router.php, | Строка: 107
==========================
[2018-05-17 14:16:07] Текст ошибки: Array to string conversion | Файл: D:\WebServer\domains\fw.loc\vendor\fw\core\base\Lang.php, | Строка: 13
==========================
[2018-05-19 16:41:04] Текст ошибки: Страница не найдена | Файл: D:\WebServer\domains\fw.loc\vendor\fw\core\Router.php, | Строка: 107
==========================
[2018-05-19 16:41:07] Текст ошибки: Страница не найдена | Файл: D:\WebServer\domains\fw.loc\vendor\fw\core\Router.php, | Строка: 107
==========================
[2018-05-19 16:52:05] Текст ошибки: Страница не найдена | Файл: D:\WebServer\domains\fw.loc\vendor\fw\core\Router.php, | Строка: 107
==========================
[2018-05-19 16:52:24] Текст ошибки: Страница не найдена | Файл: D:\WebServer\domains\fw.loc\vendor\fw\core\Router.php, | Строка: 107
==========================
[2018-05-19 16:52:41] Текст ошибки: Страница не найдена | Файл: D:\WebServer\domains\fw.loc\vendor\fw\core\Router.php, | Строка: 107
==========================
[2018-05-19 16:52:41] Текст ошибки: Страница не найдена | Файл: D:\WebServer\domains\fw.loc\vendor\fw\core\Router.php, | Строка: 107
==========================
[2019-03-21 13:07:44] Текст ошибки: Страница не найдена | Файл: D:\WebServer\domains\fw.loc\vendor\fw\core\Router.php, | Строка: 107
==========================
[2019-03-25 13:37:55] Текст ошибки: Страница не найдена | Файл: D:\WebServer\domains\fw.loc\vendor\fw\core\Router.php, | Строка: 107
==========================
[2019-03-25 14:25:31] Текст ошибки: Контроллер <b>app\controllers\admin\MainController</b> не найден | Файл: D:\WebServer\domains\fw.loc\vendor\fw\core\Router.php, | Строка: 102
==========================
[2019-03-25 14:26:27] Текст ошибки: Call to undefined method app\controllers\admin\MainController::getView() | Файл: D:\WebServer\domains\fw.loc\vendor\fw\core\Router.php, | Строка: 95
==========================
[2019-03-25 14:32:44] Текст ошибки: Страница не найдена | Файл: D:\WebServer\domains\fw.loc\vendor\fw\core\Router.php, | Строка: 107
==========================
[2019-03-25 14:32:44] Текст ошибки: Страница не найдена | Файл: D:\WebServer\domains\fw.loc\vendor\fw\core\Router.php, | Строка: 107
==========================
[2019-03-25 14:32:44] Текст ошибки: Страница не найдена | Файл: D:\WebServer\domains\fw.loc\vendor\fw\core\Router.php, | Строка: 107
==========================
[2019-03-25 14:32:44] Текст ошибки: Страница не найдена | Файл: D:\WebServer\domains\fw.loc\vendor\fw\core\Router.php, | Строка: 107
==========================
[2019-03-25 14:32:44] Текст ошибки: Страница не найдена | Файл: D:\WebServer\domains\fw.loc\vendor\fw\core\Router.php, | Строка: 107
==========================
[2019-03-25 14:32:44] Текст ошибки: Страница не найдена | Файл: D:\WebServer\domains\fw.loc\vendor\fw\core\Router.php, | Строка: 107
==========================
[2019-03-25 14:32:44] Текст ошибки: Страница не найдена | Файл: D:\WebServer\domains\fw.loc\vendor\fw\core\Router.php, | Строка: 107
==========================
[2019-03-25 14:32:44] Текст ошибки: Страница не найдена | Файл: D:\WebServer\domains\fw.loc\vendor\fw\core\Router.php, | Строка: 107
==========================
[2019-03-25 14:32:44] Текст ошибки: Страница не найдена | Файл: D:\WebServer\domains\fw.loc\vendor\fw\core\Router.php, | Строка: 107
==========================
[2019-03-25 14:32:44] Текст ошибки: Страница не найдена | Файл: D:\WebServer\domains\fw.loc\vendor\fw\core\Router.php, | Строка: 107
==========================
[2019-03-25 14:32:44] Текст ошибки: Страница не найдена | Файл: D:\WebServer\domains\fw.loc\vendor\fw\core\Router.php, | Строка: 107
==========================
[2019-03-25 14:46:21] Текст ошибки: Страница не найдена | Файл: D:\WebServer\domains\fw.loc\vendor\fw\core\Router.php, | Строка: 107
==========================
[2019-03-25 14:46:21] Текст ошибки: Страница не найдена | Файл: D:\WebServer\domains\fw.loc\vendor\fw\core\Router.php, | Строка: 107
==========================
[2019-03-25 14:46:21] Текст ошибки: Страница не найдена | Файл: D:\WebServer\domains\fw.loc\vendor\fw\core\Router.php, | Строка: 107
==========================
[2019-03-25 14:46:21] Текст ошибки: Страница не найдена | Файл: D:\WebServer\domains\fw.loc\vendor\fw\core\Router.php, | Строка: 107
==========================
[2019-03-25 14:46:21] Текст ошибки: Страница не найдена | Файл: D:\WebServer\domains\fw.loc\vendor\fw\core\Router.php, | Строка: 107
==========================
[2019-03-25 14:46:21] Текст ошибки: Страница не найдена | Файл: D:\WebServer\domains\fw.loc\vendor\fw\core\Router.php, | Строка: 107
==========================
[2019-03-25 14:46:22] Текст ошибки: Страница не найдена | Файл: D:\WebServer\domains\fw.loc\vendor\fw\core\Router.php, | Строка: 107
==========================
[2019-03-25 14:46:22] Текст ошибки: Страница не найдена | Файл: D:\WebServer\domains\fw.loc\vendor\fw\core\Router.php, | Строка: 107
==========================
[2019-03-25 14:46:22] Текст ошибки: Страница не найдена | Файл: D:\WebServer\domains\fw.loc\vendor\fw\core\Router.php, | Строка: 107
==========================
[2019-03-25 14:46:22] Текст ошибки: Страница не найдена | Файл: D:\WebServer\domains\fw.loc\vendor\fw\core\Router.php, | Строка: 107
==========================
[2019-03-25 14:46:45] Текст ошибки: Страница не найдена | Файл: D:\WebServer\domains\fw.loc\vendor\fw\core\Router.php, | Строка: 107
==========================
[2019-03-25 14:46:45] Текст ошибки: Страница не найдена | Файл: D:\WebServer\domains\fw.loc\vendor\fw\core\Router.php, | Строка: 107
==========================
[2019-03-25 14:46:45] Текст ошибки: Страница не найдена | Файл: D:\WebServer\domains\fw.loc\vendor\fw\core\Router.php, | Строка: 107
==========================
[2019-03-25 14:46:45] Текст ошибки: Страница не найдена | Файл: D:\WebServer\domains\fw.loc\vendor\fw\core\Router.php, | Строка: 107
==========================
[2019-03-25 14:46:45] Текст ошибки: Страница не найдена | Файл: D:\WebServer\domains\fw.loc\vendor\fw\core\Router.php, | Строка: 107
==========================
[2019-03-25 14:46:45] Текст ошибки: Страница не найдена | Файл: D:\WebServer\domains\fw.loc\vendor\fw\core\Router.php, | Строка: 107
==========================
[2019-03-25 14:46:45] Текст ошибки: Страница не найдена | Файл: D:\WebServer\domains\fw.loc\vendor\fw\core\Router.php, | Строка: 107
==========================
[2019-03-25 14:46:45] Текст ошибки: Страница не найдена | Файл: D:\WebServer\domains\fw.loc\vendor\fw\core\Router.php, | Строка: 107
==========================
[2019-03-25 14:46:45] Текст ошибки: Страница не найдена | Файл: D:\WebServer\domains\fw.loc\vendor\fw\core\Router.php, | Строка: 107
==========================
[2019-03-25 14:46:45] Текст ошибки: Страница не найдена | Файл: D:\WebServer\domains\fw.loc\vendor\fw\core\Router.php, | Строка: 107
==========================
[2019-03-25 15:05:39] Текст ошибки: Undefined index: password | Файл: D:\WebServer\domains\fw.loc\app\models\User.php, | Строка: 47
==========================
[2019-03-25 15:06:00] Текст ошибки: Undefined index: password | Файл: D:\WebServer\domains\fw.loc\app\models\User.php, | Строка: 47
==========================
[2019-03-25 15:10:10] Текст ошибки: Class 'R' not found | Файл: D:\WebServer\domains\fw.loc\app\controllers\admin\MainController.php, | Строка: 8
==========================
